<?xml version="1.0" encoding="UTF-8"?>
<testsuite xmlns:xsi="http://www.w3.org/2001/XMLSchema-instance" xsi:noNamespaceSchemaLocation="https://maven.apache.org/surefire/maven-surefire-plugin/xsd/surefire-test-report.xsd" name="ubb.repository.EmployeeMockTest" time="0.038" tests="6" errors="0" skipped="0" failures="0">
  <properties>
    <property name="java.specification.version" value="16"/>
    <property name="sun.cpu.isalist" value="amd64"/>
    <property name="sun.jnu.encoding" value="Cp1252"/>
    <property name="java.class.path" value="C:\Users\stefan.bertici\Uni\verificare-si-testare\bsci0283\target\test-classes;C:\Users\stefan.bertici\Uni\verificare-si-testare\bsci0283\target\classes;C:\Users\stefan.bertici\.m2\repository\org\junit\jupiter\junit-jupiter-engine\5.9.0\junit-jupiter-engine-5.9.0.jar;C:\Users\stefan.bertici\.m2\repository\org\junit\platform\junit-platform-engine\1.9.0\junit-platform-engine-1.9.0.jar;C:\Users\stefan.bertici\.m2\repository\org\apiguardian\apiguardian-api\1.1.2\apiguardian-api-1.1.2.jar;C:\Users\stefan.bertici\.m2\repository\org\junit\jupiter\junit-jupiter-api\5.9.0\junit-jupiter-api-5.9.0.jar;C:\Users\stefan.bertici\.m2\repository\org\opentest4j\opentest4j\1.2.0\opentest4j-1.2.0.jar;C:\Users\stefan.bertici\.m2\repository\org\junit\platform\junit-platform-commons\1.9.0\junit-platform-commons-1.9.0.jar;C:\Users\stefan.bertici\.m2\repository\org\junit\jupiter\junit-jupiter-params\5.9.0\junit-jupiter-params-5.9.0.jar;C:\Users\stefan.bertici\.m2\repository\junit\junit\4.13.2\junit-4.13.2.jar;C:\Users\stefan.bertici\.m2\repository\org\hamcrest\hamcrest-core\1.3\hamcrest-core-1.3.jar;"/>
    <property name="java.vm.vendor" value="Eclipse Foundation"/>
    <property name="sun.arch.data.model" value="64"/>
    <property name="user.variant" value=""/>
    <property name="java.vendor.url" value="https://adoptium.net/"/>
    <property name="user.timezone" value="Europe/Bucharest"/>
    <property name="os.name" value="Windows 10"/>
    <property name="java.vm.specification.version" value="16"/>
    <property name="sun.java.launcher" value="SUN_STANDARD"/>
    <property name="user.country" value="US"/>
    <property name="sun.boot.library.path" value="C:\Users\stefan.bertici\.jdks\temurin-16.0.2\bin"/>
    <property name="sun.java.command" value="C:\Users\STEFAN~1.BER\AppData\Local\Temp\surefire9022933733108419540\surefirebooter17867953271568271823.jar C:\Users\stefan.bertici\AppData\Local\Temp\surefire9022933733108419540 2022-11-01T14-49-05_762-jvmRun1 surefire4936528437768138919tmp surefire_06483570347481534112tmp"/>
    <property name="jdk.debug" value="release"/>
    <property name="surefire.test.class.path" value="C:\Users\stefan.bertici\Uni\verificare-si-testare\bsci0283\target\test-classes;C:\Users\stefan.bertici\Uni\verificare-si-testare\bsci0283\target\classes;C:\Users\stefan.bertici\.m2\repository\org\junit\jupiter\junit-jupiter-engine\5.9.0\junit-jupiter-engine-5.9.0.jar;C:\Users\stefan.bertici\.m2\repository\org\junit\platform\junit-platform-engine\1.9.0\junit-platform-engine-1.9.0.jar;C:\Users\stefan.bertici\.m2\repository\org\apiguardian\apiguardian-api\1.1.2\apiguardian-api-1.1.2.jar;C:\Users\stefan.bertici\.m2\repository\org\junit\jupiter\junit-jupiter-api\5.9.0\junit-jupiter-api-5.9.0.jar;C:\Users\stefan.bertici\.m2\repository\org\opentest4j\opentest4j\1.2.0\opentest4j-1.2.0.jar;C:\Users\stefan.bertici\.m2\repository\org\junit\platform\junit-platform-commons\1.9.0\junit-platform-commons-1.9.0.jar;C:\Users\stefan.bertici\.m2\repository\org\junit\jupiter\junit-jupiter-params\5.9.0\junit-jupiter-params-5.9.0.jar;C:\Users\stefan.bertici\.m2\repository\junit\junit\4.13.2\junit-4.13.2.jar;C:\Users\stefan.bertici\.m2\repository\org\hamcrest\hamcrest-core\1.3\hamcrest-core-1.3.jar;"/>
    <property name="sun.cpu.endian" value="little"/>
    <property name="user.home" value="C:\Users\stefan.bertici"/>
    <property name="user.language" value="en"/>
    <property name="java.specification.vendor" value="Oracle Corporation"/>
    <property name="java.version.date" value="2021-07-20"/>
    <property name="java.home" value="C:\Users\stefan.bertici\.jdks\temurin-16.0.2"/>
    <property name="file.separator" value="\"/>
    <property name="basedir" value="C:\Users\stefan.bertici\Uni\verificare-si-testare\bsci0283"/>
    <property name="java.vm.compressedOopsMode" value="Zero based"/>
    <property name="line.separator" value="&#10;"/>
    <property name="java.vm.specification.vendor" value="Oracle Corporation"/>
    <property name="java.specification.name" value="Java Platform API Specification"/>
    <property name="surefire.real.class.path" value="C:\Users\STEFAN~1.BER\AppData\Local\Temp\surefire9022933733108419540\surefirebooter17867953271568271823.jar"/>
    <property name="user.script" value=""/>
    <property name="sun.management.compiler" value="HotSpot 64-Bit Tiered Compilers"/>
    <property name="java.runtime.version" value="16.0.2+7"/>
    <property name="user.name" value="stefan.bertici"/>
    <property name="path.separator" value=";"/>
    <property name="os.version" value="10.0"/>
    <property name="java.runtime.name" value="OpenJDK Runtime Environment"/>
    <property name="file.encoding" value="Cp1252"/>
    <property name="java.vm.name" value="OpenJDK 64-Bit Server VM"/>
    <property name="java.vendor.version" value="Temurin-16.0.2+7"/>
    <property name="localRepository" value="C:\Users\stefan.bertici\.m2\repository"/>
    <property name="java.vendor.url.bug" value="https://github.com/adoptium/adoptium-support/issues"/>
    <property name="java.io.tmpdir" value="C:\Users\STEFAN~1.BER\AppData\Local\Temp\"/>
    <property name="idea.version" value="2022.2.3"/>
    <property name="java.version" value="16.0.2"/>
    <property name="user.dir" value="C:\Users\stefan.bertici\Uni\verificare-si-testare\bsci0283"/>
    <property name="os.arch" value="amd64"/>
    <property name="java.vm.specification.name" value="Java Virtual Machine Specification"/>
    <property name="sun.os.patch.level" value=""/>
    <property name="java.library.path" value="C:\Users\stefan.bertici\.jdks\temurin-16.0.2\bin;C:\WINDOWS\Sun\Java\bin;C:\WINDOWS\system32;C:\WINDOWS;C:\WINDOWS\system32;C:\WINDOWS;C:\WINDOWS\System32\Wbem;C:\WINDOWS\System32\WindowsPowerShell\v1.0\;C:\WINDOWS\System32\OpenSSH\;C:\Program Files\Java\jdk1.8.0_333\bin;C:\Program Files\Apache\apache-maven-3.8.6\bin;C:\Program Files\dotnet\;C:\Users\stefan.bertici\Work\shortcuts;C:\Program Files\PowerShell\7\;C:\Program Files\Git\cmd;C:\Program Files\Notepad++;C:\Users\stefan.bertici\AppData\Local\Microsoft\WindowsApps;;C:\Program Files\JetBrains\IntelliJ IDEA Community Edition 2022.2\bin;;C:\Program Files\JetBrains\IntelliJ IDEA 2022.2.3\bin;;."/>
    <property name="java.vm.info" value="mixed mode, sharing"/>
    <property name="java.vendor" value="Eclipse Foundation"/>
    <property name="java.vm.version" value="16.0.2+7"/>
    <property name="sun.io.unicode.encoding" value="UnicodeLittle"/>
    <property name="java.class.version" value="60.0"/>
  </properties>
  <testcase name="givenEmployeeWithIdExistingInListButNotOnIndexZero_whenModifyEmployeeFunction_thenChangeTheFunctionOfTheCorrectEmployee" classname="ubb.repository.EmployeeMockTest" time="0.018"/>
  <testcase name="givenInvalidEmployeeWithIdOneAndSalaryZero_whenAddEmployee_thenReturnFalseAndDoNotAddEmployee" classname="ubb.repository.EmployeeMockTest" time="0.001"/>
  <testcase name="givenValidEmployeeWithIdTwoAndSalaryTwo_whenAddEmployee_thenReturnTrueAndAddEmployee" classname="ubb.repository.EmployeeMockTest" time="0.001"/>
  <testcase name="givenInvalidEmployeeWithIdZero_whenAddEmployee_thenReturnFalseAndDoNotAddEmployee" classname="ubb.repository.EmployeeMockTest" time="0"/>
  <testcase name="givenValidEmployeeWithIdOneAndSalaryOne_whenAddEmployee_thenReturnTrueAndAddEmployee" classname="ubb.repository.EmployeeMockTest" time="0.001"/>
  <testcase name="givenNullEmployee_whenModifyEmployeeFunction_thenExitWithoutChanges" classname="ubb.repository.EmployeeMockTest" time="0"/>
</testsuite>